<?xml version="1.0" encoding="UTF-8"?>
<robot generator="Robot 7.0 (Python 3.10.12 on linux)" generated="2024-04-23T15:57:47.447624" rpa="false" schemaversion="5">
<suite id="s1" name="Test-Amazon-Gherkin-Bdd" source="/home/pc/Documentos/Robot-Framework/curso-robot-udemy/web-testing/test-amazon-gherkin-bdd.robot">
<test id="s1-t1" name="Caso de Teste 02 - Pesquisa de um Produto" line="20">
<kw name="Abrir o navegador" owner="resources-amazon" type="SETUP">
<kw name="Open Browser" owner="SeleniumLibrary">
<msg time="2024-04-23T15:57:47.625904" level="INFO">Opening browser 'Chrome' to base url 'None'.</msg>
<arg>browser=${BROWSER}</arg>
<doc>Opens a new browser instance to the optional ``url``.</doc>
<status status="PASS" start="2024-04-23T15:57:47.625461" elapsed="1.387360"/>
</kw>
<kw name="Maximize Browser Window" owner="SeleniumLibrary">
<doc>Maximizes current browser window.</doc>
<status status="PASS" start="2024-04-23T15:57:49.013386" elapsed="0.115006"/>
</kw>
<status status="PASS" start="2024-04-23T15:57:47.624196" elapsed="1.504633"/>
</kw>
<kw name="Dado que estou na home da pagina da Amazon.com.br" owner="resources-amazon">
<kw name="Acessar a homepage do site amazon.com.br" owner="resources-amazon">
<kw name="Go To" owner="SeleniumLibrary">
<msg time="2024-04-23T15:57:49.133039" level="INFO">Opening url 'https://www.amazon.com.br/'</msg>
<arg>${URL}</arg>
<doc>Navigates the current browser window to the provided ``url``.</doc>
<status status="PASS" start="2024-04-23T15:57:49.132495" elapsed="1.357076"/>
</kw>
<kw name="Wait Until Element Is Visible" owner="SeleniumLibrary">
<arg>${MENU_VENDAS}</arg>
<doc>Waits until the element ``locator`` is visible.</doc>
<status status="PASS" start="2024-04-23T15:57:50.490078" elapsed="0.302449"/>
</kw>
<status status="PASS" start="2024-04-23T15:57:49.131731" elapsed="1.661061"/>
</kw>
<status status="PASS" start="2024-04-23T15:57:49.130869" elapsed="1.662082"/>
</kw>
<kw name="Quando pesquisar pelo produto &quot;Xbox Series S&quot;" owner="resources-amazon">
<kw name="Digitar o nome de produto &quot;Xbox Series S&quot; no campo de busca" owner="resources-amazon" source_name="Digitar o nome de produto &quot;${TEXTO_BUSCA}&quot; no campo de busca">
<kw name="Input Text" owner="SeleniumLibrary">
<msg time="2024-04-23T15:57:50.796526" level="INFO">Typing text 'Xbox Series S' into text field 'id=twotabsearchtextbox'.</msg>
<arg>${CAMPO_BUSCA}</arg>
<arg>${TEXTO_BUSCA}</arg>
<doc>Types the given ``text`` into the text field identified by ``locator``.</doc>
<status status="PASS" start="2024-04-23T15:57:50.795567" elapsed="0.280145"/>
</kw>
<status status="PASS" start="2024-04-23T15:57:50.794582" elapsed="0.281397"/>
</kw>
<kw name="Clicar no botão de busca" owner="resources-amazon">
<kw name="Click Element" owner="SeleniumLibrary">
<msg time="2024-04-23T15:57:51.077852" level="INFO">Clicking element 'xpath=//input[@value='Ir']'.</msg>
<arg>${BOTAO_BUSCA}</arg>
<doc>Click the element identified by ``locator``.</doc>
<status status="PASS" start="2024-04-23T15:57:51.077227" elapsed="2.562898"/>
</kw>
<status status="PASS" start="2024-04-23T15:57:51.076425" elapsed="2.563930"/>
</kw>
<status status="PASS" start="2024-04-23T15:57:50.793836" elapsed="2.846665"/>
</kw>
<kw name="Então o título da página deve ser &quot;Amazon.com.br : Xbox Series S&quot;" owner="resources-amazon">
<kw name="Verificar se o título da página fica &quot;Amazon.com.br : Xbox Series S&quot;" owner="resources-amazon" source_name="Verificar se o título da página fica &quot;${TITULO}&quot;">
<kw name="Title Should Be" owner="SeleniumLibrary">
<msg time="2024-04-23T15:57:53.693669" level="INFO">Page title is 'Amazon.com.br : Xbox Series S'.</msg>
<arg>${TITULO}</arg>
<doc>Verifies that the current page title equals ``title``.</doc>
<status status="PASS" start="2024-04-23T15:57:53.642224" elapsed="0.051720"/>
</kw>
<status status="PASS" start="2024-04-23T15:57:53.641741" elapsed="0.052532"/>
</kw>
<status status="PASS" start="2024-04-23T15:57:53.641102" elapsed="0.053435"/>
</kw>
<kw name="E os resultados da busca &quot;Xbox Series S&quot; devem ser mostrados na página" owner="resources-amazon">
<kw name="Verificar se o resultado da pesquisa está listando o produto &quot;Xbox Series S&quot;" owner="resources-amazon" source_name="Verificar se o resultado da pesquisa está listando o produto &quot;${TEXTO_BUSCA}&quot;">
<kw name="Wait Until Page Contains" owner="SeleniumLibrary">
<arg>resultados para "${TEXTO_BUSCA}"</arg>
<doc>Waits until ``text`` appears on the current page.</doc>
<status status="PASS" start="2024-04-23T15:57:53.698889" elapsed="0.061799"/>
</kw>
<status status="PASS" start="2024-04-23T15:57:53.697915" elapsed="0.063109"/>
</kw>
<status status="PASS" start="2024-04-23T15:57:53.696546" elapsed="0.064833"/>
</kw>
<kw name="Fechar o navegador" owner="resources-amazon" type="TEARDOWN">
<kw name="Capture Page Screenshot" owner="SeleniumLibrary">
<msg time="2024-04-23T15:57:54.067428" level="INFO" html="true">&lt;/td&gt;&lt;/tr&gt;&lt;tr&gt;&lt;td colspan="3"&gt;&lt;a href="selenium-screenshot-10.png"&gt;&lt;img src="selenium-screenshot-10.png" width="800px"&gt;&lt;/a&gt;</msg>
<doc>Takes a screenshot of the current page and embeds it into a log file.</doc>
<status status="PASS" start="2024-04-23T15:57:53.764849" elapsed="0.302752"/>
</kw>
<kw name="Close Browser" owner="SeleniumLibrary">
<doc>Closes the current browser.</doc>
<status status="PASS" start="2024-04-23T15:57:54.067895" elapsed="0.194263"/>
</kw>
<status status="PASS" start="2024-04-23T15:57:53.763763" elapsed="0.498777"/>
</kw>
<doc>Esse caso de teste verifica se um produto é exibido corretamente</doc>
<tag>busca_produtos</tag>
<tag>lista_busca</tag>
<status status="PASS" start="2024-04-23T15:57:47.622618" elapsed="6.640212"/>
</test>
<doc>Essa suíte testa o site amazon.com.br</doc>
<status status="PASS" start="2024-04-23T15:57:47.449036" elapsed="6.815243"/>
</suite>
<statistics>
<total>
<stat pass="1" fail="0" skip="0">All Tests</stat>
</total>
<tag>
<stat pass="1" fail="0" skip="0">busca_produtos</stat>
<stat pass="1" fail="0" skip="0">lista_busca</stat>
</tag>
<suite>
<stat pass="1" fail="0" skip="0" id="s1" name="Test-Amazon-Gherkin-Bdd">Test-Amazon-Gherkin-Bdd</stat>
</suite>
</statistics>
<errors>
</errors>
</robot>
