<?xml version="1.0" encoding="UTF-8"?>
<robot generator="Robot 7.0 (Python 3.10.12 on linux)" generated="2024-05-01T10:44:54.911105" rpa="false" schemaversion="5">
<suite id="s1" name="Api Testing Usuarios" source="/home/pc/Documentos/Robot-Framework/curso-robot-udemy/ApiTesting/tests/api_testing_usuarios.robot">
<test id="s1-t1" name="Cenário 04: Logar com o novo usuário criado" line="23">
<kw name="Criar um usuário novo" owner="api_testing_usuarios">
<kw name="Generate Random String" owner="String">
<msg time="2024-05-01T10:44:55.058639" level="INFO">${palavra_aleatoria} = XMsD</msg>
<var>${palavra_aleatoria}</var>
<arg>length=4</arg>
<arg>chars=[LETTERS]</arg>
<doc>Generates a string with a desired ``length`` from the given ``chars``.</doc>
<status status="PASS" start="2024-05-01T10:44:55.057470" elapsed="0.026215"/>
</kw>
<kw name="Convert To Lower Case" owner="String">
<msg time="2024-05-01T10:44:55.085997" level="INFO">${palavra_aleatoria} = xmsd</msg>
<var>${palavra_aleatoria}</var>
<arg>${palavra_aleatoria}</arg>
<doc>Converts string to lower case.</doc>
<status status="PASS" start="2024-05-01T10:44:55.084652" elapsed="0.001761"/>
</kw>
<kw name="Set Test Variable" owner="BuiltIn">
<msg time="2024-05-01T10:44:55.089090" level="INFO">${EMAIL_TESTE} = xmsd@emailteste.com</msg>
<arg>${EMAIL_TESTE}</arg>
<arg>${palavra_aleatoria}@emailteste.com</arg>
<doc>Makes a variable available everywhere within the scope of the current test.</doc>
<status status="PASS" start="2024-05-01T10:44:55.087014" elapsed="0.002682"/>
</kw>
<kw name="Log" owner="BuiltIn">
<msg time="2024-05-01T10:44:55.091678" level="INFO">xmsd@emailteste.com</msg>
<arg>${EMAIL_TESTE}</arg>
<doc>Logs the given message with the given level.</doc>
<status status="PASS" start="2024-05-01T10:44:55.090422" elapsed="0.001957"/>
</kw>
<status status="PASS" start="2024-05-01T10:44:55.055756" elapsed="0.037268"/>
</kw>
<kw name="Cadastrar o usuário criado na ServeRest" owner="api_testing_usuarios">
<kw name="Create Dictionary" owner="BuiltIn">
<msg time="2024-05-01T10:44:55.100540" level="INFO">${body} = {'nome': 'Fulano da Silva', 'email': 'xmsd@emailteste.com', 'password': '1234', 'administrador': 'true'}</msg>
<var>${body}</var>
<arg>nome=Fulano da Silva</arg>
<arg>email=${email}</arg>
<arg>password=1234</arg>
<arg>administrador=true</arg>
<doc>Creates and returns a dictionary based on the given ``items``.</doc>
<status status="PASS" start="2024-05-01T10:44:55.097744" elapsed="0.004997"/>
</kw>
<kw name="Log" owner="BuiltIn">
<msg time="2024-05-01T10:44:55.104071" level="INFO">{'nome': 'Fulano da Silva', 'email': 'xmsd@emailteste.com', 'password': '1234', 'administrador': 'true'}</msg>
<arg>${body}</arg>
<doc>Logs the given message with the given level.</doc>
<status status="PASS" start="2024-05-01T10:44:55.103407" elapsed="0.001065"/>
</kw>
<kw name="Criar Sessão na ServeRest" owner="api_testing_usuarios">
<kw name="Create Dictionary" owner="BuiltIn">
<msg time="2024-05-01T10:44:55.108866" level="INFO">${headers} = {'accept': 'application/json', 'Content-Type': 'application/json'}</msg>
<var>${headers}</var>
<arg>accept=application/json</arg>
<arg>Content-Type=application/json</arg>
<doc>Creates and returns a dictionary based on the given ``items``.</doc>
<status status="PASS" start="2024-05-01T10:44:55.106099" elapsed="0.003189"/>
</kw>
<kw name="Create Session" owner="RequestsLibrary">
<msg time="2024-05-01T10:44:55.111108" level="INFO">Creating Session using : alias=ServeRest, url=https://serverest.dev, headers={'accept': 'application/json', 'Content-Type': 'application/json'},                     cookies={}, auth=None, timeout=None, proxies=None, verify=False,                     debug=0 </msg>
<arg>alias=ServeRest</arg>
<arg>url=https://serverest.dev</arg>
<arg>headers=${headers}</arg>
<doc>Create Session: create a HTTP session to a server</doc>
<status status="PASS" start="2024-05-01T10:44:55.109864" elapsed="0.006362"/>
</kw>
<status status="PASS" start="2024-05-01T10:44:55.105070" elapsed="0.012084"/>
</kw>
<kw name="POST On Session" owner="RequestsLibrary">
<msg time="2024-05-01T10:44:55.936239" level="INFO">POST Request : url=https://serverest.dev/usuarios 
 path_url=/usuarios 
 headers={'User-Agent': 'python-requests/2.25.1', 'Accept-Encoding': 'gzip, deflate', 'accept': 'application/json', 'Connection': 'keep-alive', 'Content-Type': 'application/json', 'Content-Length': '104'} 
 body=b'{"nome": "Fulano da Silva", "email": "xmsd@emailteste.com", "password": "1234", "administrador": "true"}' 
 </msg>
<msg time="2024-05-01T10:44:55.937492" level="INFO">POST Response : url=https://serverest.dev/usuarios 
 status=201, reason=Created 
 headers={'access-control-allow-origin': '*', 'x-dns-prefetch-control': 'off', 'x-frame-options': 'SAMEORIGIN', 'strict-transport-security': 'max-age=15552000; includeSubDomains', 'x-download-options': 'noopen', 'x-content-type-options': 'nosniff', 'x-xss-protection': '1; mode=block', 'content-type': 'application/json; charset=utf-8', 'X-Cloud-Trace-Context': '78374921fe0cfd345fb80c0486f25256;o=1', 'Date': 'Wed, 01 May 2024 13:44:55 GMT', 'Server': 'Google Frontend', 'Content-Length': '82'} 
 body={
    "message": "Cadastro realizado com sucesso",
    "_id": "4Rpgfb8DgV8bgM8Y"
} 
 </msg>
<msg time="2024-05-01T10:44:55.938218" level="INFO">/usr/lib/python3/dist-packages/urllib3/connectionpool.py:1020: InsecureRequestWarning: Unverified HTTPS request is being made to host 'serverest.dev'. Adding certificate verification is strongly advised. See: https://urllib3.readthedocs.io/en/latest/advanced-usage.html#ssl-warnings
  warnings.warn(</msg>
<msg time="2024-05-01T10:44:55.939605" level="INFO">${resposta} = &lt;Response [201]&gt;</msg>
<var>${resposta}</var>
<arg>alias=ServeRest</arg>
<arg>url=/usuarios</arg>
<arg>json=${body}</arg>
<arg>expected_status=${status_code_desejado}</arg>
<doc>Sends a POST request on a previously created HTTP Session.</doc>
<status status="PASS" start="2024-05-01T10:44:55.117859" elapsed="0.822434"/>
</kw>
<kw name="Log" owner="BuiltIn">
<msg time="2024-05-01T10:44:55.945093" level="INFO">{'message': 'Cadastro realizado com sucesso', '_id': '4Rpgfb8DgV8bgM8Y'}</msg>
<arg>${resposta.json()}</arg>
<doc>Logs the given message with the given level.</doc>
<status status="PASS" start="2024-05-01T10:44:55.941490" elapsed="0.005299"/>
</kw>
<if>
<branch type="IF" condition="${resposta.status_code} == 201">
<kw name="Set Test Variable" owner="BuiltIn">
<msg time="2024-05-01T10:44:55.962986" level="INFO">${ID_USUARIO} = 4Rpgfb8DgV8bgM8Y</msg>
<arg>${ID_USUARIO}</arg>
<arg>${resposta.json()["_id"]}</arg>
<doc>Makes a variable available everywhere within the scope of the current test.</doc>
<status status="PASS" start="2024-05-01T10:44:55.953368" elapsed="0.011094"/>
</kw>
<status status="PASS" start="2024-05-01T10:44:55.948398" elapsed="0.017204"/>
</branch>
<status status="PASS" start="2024-05-01T10:44:55.948159" elapsed="0.018660"/>
</if>
<kw name="Set Test Variable" owner="BuiltIn">
<msg time="2024-05-01T10:44:55.972596" level="INFO">${RESPOSTA} = {'message': 'Cadastro realizado com sucesso', '_id': '4Rpgfb8DgV8bgM8Y'}</msg>
<arg>${RESPOSTA}</arg>
<arg>${resposta.json()}</arg>
<doc>Makes a variable available everywhere within the scope of the current test.</doc>
<status status="PASS" start="2024-05-01T10:44:55.967838" elapsed="0.005471"/>
</kw>
<arg>email=${EMAIL_TESTE}</arg>
<arg>status_code_desejado=201</arg>
<status status="PASS" start="2024-05-01T10:44:55.095978" elapsed="0.877973"/>
</kw>
<kw name="Realizar Login com o usuário criado" owner="api_testing_usuarios">
<kw name="Create Dictionary" owner="BuiltIn">
<msg time="2024-05-01T10:44:55.984733" level="INFO">${body} = {'email': 'xmsd@emailteste.com', 'password': '1234'}</msg>
<var>${body}</var>
<arg>email=${email}</arg>
<arg>password=1234</arg>
<doc>Creates and returns a dictionary based on the given ``items``.</doc>
<status status="PASS" start="2024-05-01T10:44:55.983421" elapsed="0.001838"/>
</kw>
<kw name="POST On Session" owner="RequestsLibrary">
<msg time="2024-05-01T10:44:56.226250" level="INFO">POST Request : url=https://serverest.dev/login 
 path_url=/login 
 headers={'User-Agent': 'python-requests/2.25.1', 'Accept-Encoding': 'gzip, deflate', 'accept': 'application/json', 'Connection': 'keep-alive', 'Content-Type': 'application/json', 'Content-Length': '52'} 
 body=b'{"email": "xmsd@emailteste.com", "password": "1234"}' 
 </msg>
<msg time="2024-05-01T10:44:56.227048" level="INFO">POST Response : url=https://serverest.dev/login 
 status=200, reason=OK 
 headers={'access-control-allow-origin': '*', 'x-dns-prefetch-control': 'off', 'x-frame-options': 'SAMEORIGIN', 'strict-transport-security': 'max-age=15552000; includeSubDomains', 'x-download-options': 'noopen', 'x-content-type-options': 'nosniff', 'x-xss-protection': '1; mode=block', 'content-type': 'application/json; charset=utf-8', 'X-Cloud-Trace-Context': '3f851dee571dbf1abe2e06f159912564', 'Date': 'Wed, 01 May 2024 13:44:55 GMT', 'Server': 'Google Frontend', 'Content-Length': '272'} 
 body={
    "message": "Login realizado com sucesso",
    "authorization": "Bearer eyJhbGciOiJIUzI1NiIsInR5cCI6IkpXVCJ9.eyJlbWFpbCI6Inhtc2RAZW1haWx0ZXN0ZS5jb20iLCJwYXNzd29yZCI6IjEyMzQiLCJpYXQiOjE3MTQ1NzEwOTUsImV4cCI6MTcxNDU3MTY5NX0.tusixve3KbVR8UWsANmCfkQzraqyTBlIQxuAClSQLNk"
} 
 </msg>
<msg time="2024-05-01T10:44:56.227664" level="INFO">/usr/lib/python3/dist-packages/urllib3/connectionpool.py:1020: InsecureRequestWarning: Unverified HTTPS request is being made to host 'serverest.dev'. Adding certificate verification is strongly advised. See: https://urllib3.readthedocs.io/en/latest/advanced-usage.html#ssl-warnings
  warnings.warn(</msg>
<msg time="2024-05-01T10:44:56.228430" level="INFO">${resposta_login} = &lt;Response [200]&gt;</msg>
<var>${resposta_login}</var>
<arg>alias=ServeRest</arg>
<arg>url=/login</arg>
<arg>json=${body}</arg>
<arg>expected_status=${status_code_desejado}</arg>
<doc>Sends a POST request on a previously created HTTP Session.</doc>
<status status="PASS" start="2024-05-01T10:44:55.985923" elapsed="0.242895"/>
</kw>
<kw name="Set Test Variable" owner="BuiltIn">
<msg time="2024-05-01T10:44:56.230425" level="INFO">${resposta_login} = &lt;Response [200]&gt;</msg>
<arg>${resposta_login}</arg>
<arg>${resposta_login}</arg>
<doc>Makes a variable available everywhere within the scope of the current test.</doc>
<status status="PASS" start="2024-05-01T10:44:56.229711" elapsed="0.000967"/>
</kw>
<kw name="Log" owner="BuiltIn">
<msg time="2024-05-01T10:44:56.231920" level="INFO">{'message': 'Login realizado com sucesso', 'authorization': 'Bearer eyJhbGciOiJIUzI1NiIsInR5cCI6IkpXVCJ9.eyJlbWFpbCI6Inhtc2RAZW1haWx0ZXN0ZS5jb20iLCJwYXNzd29yZCI6IjEyMzQiLCJpYXQiOjE3MTQ1NzEwOTUsImV4cCI6MTcxNDU3MTY5NX0.tusixve3KbVR8UWsANmCfkQzraqyTBlIQxuAClSQLNk'}</msg>
<arg>${resposta_login.json()}</arg>
<doc>Logs the given message with the given level.</doc>
<status status="PASS" start="2024-05-01T10:44:56.231005" elapsed="0.001322"/>
</kw>
<arg>email=${EMAIL_TESTE}</arg>
<arg>status_code_desejado=200</arg>
<status status="PASS" start="2024-05-01T10:44:55.978809" elapsed="0.253883"/>
</kw>
<kw name="Conferir se o Login ocorreu com sucesso" owner="api_testing_usuarios">
<kw name="Dictionary Should Contain Item" owner="Collections">
<msg time="2024-05-01T10:44:56.241430" level="INFO">False
False</msg>
<arg>${resposta_login.json()}</arg>
<arg>message</arg>
<arg>Login realizado com sucesso</arg>
<doc>An item of ``key`` / ``value`` must be found in a ``dictionary``.</doc>
<status status="PASS" start="2024-05-01T10:44:56.238736" elapsed="0.003458"/>
</kw>
<kw name="Dictionary Should Contain Key" owner="Collections">
<msg time="2024-05-01T10:44:56.245028" level="INFO">False</msg>
<arg>${resposta_login.json()}</arg>
<arg>authorization</arg>
<doc>Fails if ``key`` is not found from ``dictionary``.</doc>
<status status="PASS" start="2024-05-01T10:44:56.243021" elapsed="0.002645"/>
</kw>
<status status="PASS" start="2024-05-01T10:44:56.235832" elapsed="0.010608"/>
</kw>
<status status="PASS" start="2024-05-01T10:44:55.054425" elapsed="1.196286"/>
</test>
<status status="PASS" start="2024-05-01T10:44:54.916295" elapsed="1.339221"/>
</suite>
<statistics>
<total>
<stat pass="1" fail="0" skip="0">All Tests</stat>
</total>
<tag>
</tag>
<suite>
<stat pass="1" fail="0" skip="0" id="s1" name="Api Testing Usuarios">Api Testing Usuarios</stat>
</suite>
</statistics>
<errors>
</errors>
</robot>
