<?xml version="1.0" encoding="UTF-8"?>
<robot generator="Robot 7.0 (Python 3.10.12 on linux)" generated="2024-04-25T11:43:25.617102" rpa="false" schemaversion="5">
<suite id="s1" name="Ex3-Argum-E-Retornos" source="/home/pc/Documentos/Robot-Framework/curso-robot-udemy/VariaveisEscoposArgumentos/ex3-argum-e-retornos.robot">
<test id="s1-t1" name="Caso de teste 01: Criação de um e-mail customizado" line="10">
<kw name="Criar E-mail">
<kw name="Generate Random String" owner="String">
<msg time="2024-04-25T11:43:25.667917" level="INFO">${palavra_aleatoria} = qE92b</msg>
<var>${palavra_aleatoria}</var>
<arg>5</arg>
<doc>Generates a string with a desired ``length`` from the given ``chars``.</doc>
<status status="PASS" start="2024-04-25T11:43:25.667548" elapsed="0.000414"/>
</kw>
<kw name="Set Variable" owner="BuiltIn">
<msg time="2024-04-25T11:43:25.668445" level="INFO">${email} = WillianMenezesqE92b@testrobot.com</msg>
<var>${email}</var>
<arg>${nome}${sobrenome}${palavra_aleatoria}@testrobot.com</arg>
<doc>Returns the given values which can then be assigned to a variables.</doc>
<status status="PASS" start="2024-04-25T11:43:25.668130" elapsed="0.000351"/>
</kw>
<return>
<value>${email}</value>
<status status="PASS" start="2024-04-25T11:43:25.668565" elapsed="0.000057"/>
</return>
<msg time="2024-04-25T11:43:25.668808" level="INFO">${email_criado} = WillianMenezesqE92b@testrobot.com</msg>
<var>${email_criado}</var>
<arg>${nome}</arg>
<arg>${sobrenome}</arg>
<status status="PASS" start="2024-04-25T11:43:25.666638" elapsed="0.002208"/>
</kw>
<kw name="Set Suite Variable" owner="BuiltIn">
<msg time="2024-04-25T11:43:25.669396" level="INFO">${email_criado} = WillianMenezesqE92b@testrobot.com</msg>
<arg>${email_criado}</arg>
<doc>Makes a variable available everywhere within the scope of the current suite.</doc>
<status status="PASS" start="2024-04-25T11:43:25.669094" elapsed="0.000359"/>
</kw>
<kw name="Log To Console" owner="BuiltIn">
<arg>${email_criado}</arg>
<doc>Logs the given message to the console.</doc>
<status status="PASS" start="2024-04-25T11:43:25.669701" elapsed="0.000265"/>
</kw>
<status status="PASS" start="2024-04-25T11:43:25.665622" elapsed="0.004601"/>
</test>
<doc>Exercicio que cria uma nova keyword, onde ela nos produzirá um e-mail customizado</doc>
<status status="PASS" start="2024-04-25T11:43:25.618592" elapsed="0.052576"/>
</suite>
<statistics>
<total>
<stat pass="1" fail="0" skip="0">All Tests</stat>
</total>
<tag>
</tag>
<suite>
<stat pass="1" fail="0" skip="0" id="s1" name="Ex3-Argum-E-Retornos">Ex3-Argum-E-Retornos</stat>
</suite>
</statistics>
<errors>
<msg time="2024-04-25T11:43:25.614800" level="WARN">Error in file '/home/pc/Documentos/Robot-Framework/curso-robot-udemy/VariaveisEscoposArgumentos/ex3-argum-e-retornos.robot' on line 21: The '[Return]' setting is deprecated. Use the 'RETURN' statement instead.</msg>
</errors>
</robot>
