<?xml version="1.0" encoding="UTF-8"?>
<robot generator="Robot 7.0 (Python 3.10.12 on linux)" generated="2024-04-20T16:10:09.828852" rpa="false" schemaversion="5">
<suite id="s1" name="Test-Amazon" source="/home/pc/Documentos/Robot-Framework/curso-robot-udemy/web-testing/test-amazon.robot">
<test id="s1-t1" name="Caso de Teste 01 - Acesso ao menu &quot;Eletrônicos&quot;" line="9">
<kw name="Abrir o navegador" owner="resources-amazon" type="SETUP">
<kw name="Open Browser" owner="SeleniumLibrary">
<msg time="2024-04-20T16:10:10.000281" level="INFO">Opening browser 'chrome' to base url 'None'.</msg>
<arg>browser=chrome</arg>
<doc>Opens a new browser instance to the optional ``url``.</doc>
<status status="PASS" start="2024-04-20T16:10:10.000016" elapsed="1.210408"/>
</kw>
<kw name="Maximize Browser Window" owner="SeleniumLibrary">
<doc>Maximizes current browser window.</doc>
<status status="PASS" start="2024-04-20T16:10:11.210698" elapsed="0.116436"/>
</kw>
<status status="PASS" start="2024-04-20T16:10:09.999029" elapsed="1.328715"/>
</kw>
<kw name="Acessar a homepage do site amazon.com.br" owner="resources-amazon">
<kw name="Go To" owner="SeleniumLibrary">
<msg time="2024-04-20T16:10:11.330876" level="INFO">Opening url 'https://www.amazon.com.br/'</msg>
<arg>${URL}</arg>
<doc>Navigates the current browser window to the provided ``url``.</doc>
<status status="PASS" start="2024-04-20T16:10:11.329781" elapsed="0.772429"/>
</kw>
<kw name="Wait Until Element Is Visible" owner="SeleniumLibrary">
<arg>${MENU_VENDAS}</arg>
<doc>Waits until the element ``locator`` is visible.</doc>
<status status="PASS" start="2024-04-20T16:10:12.103083" elapsed="8.385817"/>
</kw>
<status status="PASS" start="2024-04-20T16:10:11.328777" elapsed="9.160334"/>
</kw>
<kw name="Entrar no menu &quot;Eletrônicos&quot;" owner="resources-amazon">
<kw name="Click Element" owner="SeleniumLibrary">
<msg time="2024-04-20T16:10:20.491147" level="INFO">Clicking element 'xpath=//a[@href='/Eletronicos-e-Tecnologia/b/?ie=UTF8&amp;node=16209062011&amp;ref_=nav_cs_electronics'][contains(.,'Eletrônicos')]'.</msg>
<arg>${MENU_ELETRONICOS}</arg>
<doc>Click the element identified by ``locator``.</doc>
<status status="PASS" start="2024-04-20T16:10:20.490474" elapsed="3.618568"/>
</kw>
<status status="PASS" start="2024-04-20T16:10:20.489664" elapsed="3.620193"/>
</kw>
<kw name="Verificar se aparece a frase &quot;Eletrônicos e Tecnologia&quot;" owner="resources-amazon">
<kw name="Wait Until Page Contains Element" owner="SeleniumLibrary">
<arg>${H1_ELETRONICOS}</arg>
<doc>Waits until the element ``locator`` appears on the current page.</doc>
<status status="PASS" start="2024-04-20T16:10:24.111616" elapsed="0.039882"/>
</kw>
<status status="PASS" start="2024-04-20T16:10:24.110892" elapsed="0.041597"/>
</kw>
<kw name="Verificar se o título da página fica &quot;Eletrônicos e Tecnologia | Amazon.com.br&quot;" owner="resources-amazon" source_name="Verificar se o título da página fica &quot;${TITLE_ELETRONICOS}&quot;">
<kw name="Title Should Be" owner="SeleniumLibrary">
<msg time="2024-04-20T16:10:24.191890" level="INFO">Page title is 'Eletrônicos e Tecnologia | Amazon.com.br'.</msg>
<arg>${TITLE_ELETRONICOS}</arg>
<doc>Verifies that the current page title equals ``title``.</doc>
<status status="PASS" start="2024-04-20T16:10:24.155646" elapsed="0.036403"/>
</kw>
<status status="PASS" start="2024-04-20T16:10:24.154128" elapsed="0.038073"/>
</kw>
<kw name="Fechar o navegador" owner="resources-amazon" type="TEARDOWN">
<kw name="Close Browser" owner="SeleniumLibrary">
<doc>Closes the current browser.</doc>
<status status="PASS" start="2024-04-20T16:10:24.193353" elapsed="0.147067"/>
</kw>
<status status="PASS" start="2024-04-20T16:10:24.192807" elapsed="0.147970"/>
</kw>
<doc>Esse caso de teste verifica o menu "Eletrônicos"
e se a página de Eletrônicos é exibida corretamente</doc>
<tag>categorias</tag>
<tag>menus</tag>
<status status="PASS" start="2024-04-20T16:10:09.997867" elapsed="14.343243"/>
</test>
<doc>Essa suíte testa o site amazon.com.br</doc>
<status status="PASS" start="2024-04-20T16:10:09.830414" elapsed="14.512363"/>
</suite>
<statistics>
<total>
<stat pass="1" fail="0" skip="0">All Tests</stat>
</total>
<tag>
<stat pass="1" fail="0" skip="0">categorias</stat>
<stat pass="1" fail="0" skip="0">menus</stat>
</tag>
<suite>
<stat pass="1" fail="0" skip="0" id="s1" name="Test-Amazon">Test-Amazon</stat>
</suite>
</statistics>
<errors>
</errors>
</robot>
