<?xml version="1.0" encoding="UTF-8"?>
<robot generator="Robot 7.0 (Python 3.10.12 on linux)" generated="2024-04-20T16:05:05.958126" rpa="false" schemaversion="5">
<suite id="s1" name="Test-Amazon" source="/home/pc/Documentos/Robot-Framework/curso-robot-udemy/web-testing/test-amazon.robot">
<test id="s1-t1" name="Caso de Teste 01 - Acesso ao menu &quot;Eletrônicos&quot;" line="9">
<kw name="Abrir o navegador" owner="resources-amazon" type="SETUP">
<kw name="Open Browser" owner="SeleniumLibrary">
<msg time="2024-04-20T16:05:06.266140" level="INFO">Opening browser 'chrome' to base url 'None'.</msg>
<arg>browser=chrome</arg>
<doc>Opens a new browser instance to the optional ``url``.</doc>
<status status="PASS" start="2024-04-20T16:05:06.265639" elapsed="1.342935"/>
</kw>
<kw name="Maximize Browser Window" owner="SeleniumLibrary">
<doc>Maximizes current browser window.</doc>
<status status="PASS" start="2024-04-20T16:05:07.608858" elapsed="0.113944"/>
</kw>
<status status="PASS" start="2024-04-20T16:05:06.263635" elapsed="1.460062"/>
</kw>
<kw name="Acessar a homepage do site amazon.com.br" owner="resources-amazon">
<kw name="Go To" owner="SeleniumLibrary">
<msg time="2024-04-20T16:05:07.727864" level="INFO">Opening url 'https://www.amazon.com.br/'</msg>
<arg>${URL}</arg>
<doc>Navigates the current browser window to the provided ``url``.</doc>
<status status="PASS" start="2024-04-20T16:05:07.726922" elapsed="1.523097"/>
</kw>
<kw name="Wait Until Element Is Visible" owner="SeleniumLibrary">
<arg>${MENU_VENDAS}</arg>
<doc>Waits until the element ``locator`` is visible.</doc>
<status status="PASS" start="2024-04-20T16:05:09.250570" elapsed="0.049944"/>
</kw>
<status status="PASS" start="2024-04-20T16:05:07.725109" elapsed="1.575677"/>
</kw>
<kw name="Entrar no menu &quot;Eletrônicos&quot;" owner="resources-amazon">
<kw name="Click Element" owner="SeleniumLibrary">
<msg time="2024-04-20T16:05:09.302933" level="INFO">Clicking element 'xpath=//a[@href='/Eletronicos-e-Tecnologia/b/?ie=UTF8&amp;node=16209062011&amp;ref_=nav_cs_electronics'][contains(.,'Eletrônicos')]'.</msg>
<arg>${MENU_ELETRONICOS}</arg>
<doc>Click the element identified by ``locator``.</doc>
<status status="PASS" start="2024-04-20T16:05:09.302376" elapsed="2.734988"/>
</kw>
<status status="PASS" start="2024-04-20T16:05:09.301310" elapsed="2.736347"/>
</kw>
<kw name="Verificar se aparece a frase &quot;Eletrônicos e Tecnologia&quot;" owner="resources-amazon">
<kw name="Wait Until Page Contains Element" owner="SeleniumLibrary">
<arg>${H1_ELETRONICOS}</arg>
<doc>Waits until the element ``locator`` appears on the current page.</doc>
<status status="PASS" start="2024-04-20T16:05:12.039496" elapsed="0.106254"/>
</kw>
<status status="PASS" start="2024-04-20T16:05:12.038472" elapsed="0.107497"/>
</kw>
<doc>Esse caso de teste verifica o menu "Eletrônicos"
e se a página de Eletrônicos é exibida corretamente</doc>
<tag>categorias</tag>
<tag>menus</tag>
<status status="PASS" start="2024-04-20T16:05:06.262105" elapsed="5.884251"/>
</test>
<doc>Essa suíte testa o site amazon.com.br</doc>
<status status="PASS" start="2024-04-20T16:05:05.960504" elapsed="6.186890"/>
</suite>
<statistics>
<total>
<stat pass="1" fail="0" skip="0">All Tests</stat>
</total>
<tag>
<stat pass="1" fail="0" skip="0">categorias</stat>
<stat pass="1" fail="0" skip="0">menus</stat>
</tag>
<suite>
<stat pass="1" fail="0" skip="0" id="s1" name="Test-Amazon">Test-Amazon</stat>
</suite>
</statistics>
<errors>
</errors>
</robot>
